<?xml version="1.0" encoding="utf-8" standalone="no"?>
<!--This file represents the results of running a test suite-->
<test-results name="C:\Users\Akira\WeatherStation\Meteo.UnitTests\bin\Debug\Meteo.UnitTests.dll" total="1" errors="0" failures="1" not-run="0" inconclusive="0" ignored="0" skipped="0" invalid="0" date="2015-11-14" time="18:55:27">
  <environment nunit-version="2.6.4.14350" clr-version="2.0.50727.5485" os-version="Microsoft Windows NT 6.1.7601 Service Pack 1" platform="Win32NT" cwd="C:\Users\Akira\WeatherStation\Meteo.UnitTests\bin\Debug" machine-name="AK_COMP" user="Akira" user-domain="AK_COMP" />
  <culture-info current-culture="ru-RU" current-uiculture="ru-RU" />
  <test-suite type="Assembly" name="C:\Users\Akira\WeatherStation\Meteo.UnitTests\bin\Debug\Meteo.UnitTests.dll" executed="True" result="Failure" success="False" time="0.622" asserts="0">
    <results>
      <test-suite type="Namespace" name="Meteo" executed="True" result="Failure" success="False" time="0.576" asserts="0">
        <results>
          <test-suite type="Namespace" name="UnitTests" executed="True" result="Failure" success="False" time="0.575" asserts="0">
            <results>
              <test-suite type="TestFixture" name="ParserMeteoDataTests" executed="True" result="Failure" success="False" time="0.569" asserts="0">
                <results>
                  <test-case name="Meteo.UnitTests.ParserMeteoDataTests.ParseInCard_CorrectData" executed="True" result="Failure" success="False" time="0.534" asserts="1">
                    <failure>
                      <message><![CDATA[  Expected: <Meteo.Models.HistoryCard>
  But was:  <Meteo.Models.HistoryCard>
]]></message>
                      <stack-trace><![CDATA[в Meteo.UnitTests.ParserMeteoDataTests.ParseInCard_CorrectData() в c:\Users\Akira\WeatherStation\Meteo.UnitTests\ParserMeteoDataTests.cs:строка 21
]]></stack-trace>
                    </failure>
                  </test-case>
                </results>
              </test-suite>
            </results>
          </test-suite>
        </results>
      </test-suite>
    </results>
  </test-suite>
</test-results>